# This file may be used to create an environment using:
# $ conda create --name <env> --file <this file>
# platform: linux-64
@EXPLICIT
https://repo.anaconda.com/pkgs/main/linux-64/ca-certificates-2018.03.07-0.tar.bz2
https://repo.continuum.io/pkgs/free/linux-64/icu-54.1-0.tar.bz2
https://repo.continuum.io/pkgs/main/linux-64/libgcc-ng-7.2.0-h7cc24e2_2.tar.bz2
https://repo.continuum.io/pkgs/free/linux-64/libgfortran-3.0.0-1.tar.bz2
https://repo.continuum.io/pkgs/main/linux-64/libgfortran-ng-7.2.0-h9f7466a_2.tar.bz2
https://repo.continuum.io/pkgs/free/linux-64/libiconv-1.14-0.tar.bz2
https://repo.continuum.io/pkgs/main/linux-64/libstdcxx-ng-7.2.0-h7a57d05_2.tar.bz2
https://repo.continuum.io/pkgs/free/linux-64/mkl-11.3.3-0.tar.bz2
https://repo.continuum.io/pkgs/free/linux-64/readline-6.2-2.tar.bz2
https://repo.continuum.io/pkgs/free/linux-64/sqlite-3.13.0-0.tar.bz2
https://repo.continuum.io/pkgs/free/linux-64/tk-8.5.18-0.tar.bz2
https://repo.continuum.io/pkgs/free/linux-64/yaml-0.1.6-0.tar.bz2
https://repo.continuum.io/pkgs/main/linux-64/expat-2.2.5-he0dffb1_0.tar.bz2
https://repo.continuum.io/pkgs/main/linux-64/gmp-6.1.2-h6c8ec71_1.tar.bz2
https://repo.continuum.io/pkgs/main/linux-64/jbig-2.1-hdba287a_0.tar.bz2
https://repo.continuum.io/pkgs/main/linux-64/jpeg-9b-h024ee3a_2.tar.bz2
https://repo.continuum.io/pkgs/main/linux-64/libffi-3.2.1-hd88cf55_4.tar.bz2
https://repo.continuum.io/pkgs/main/linux-64/libgcc-7.2.0-h69d50b8_2.tar.bz2
https://repo.continuum.io/pkgs/main/linux-64/libsodium-1.0.15-hf101ebd_0.tar.bz2
https://repo.continuum.io/pkgs/main/linux-64/libxcb-1.12-hcd93eb1_4.tar.bz2
https://repo.anaconda.com/pkgs/main/linux-64/openssl-1.0.2o-h20670df_0.tar.bz2
https://repo.continuum.io/pkgs/main/linux-64/pcre-8.41-hc27e229_1.tar.bz2
https://repo.continuum.io/pkgs/main/linux-64/xz-5.2.3-h55aa19d_2.tar.bz2
https://repo.continuum.io/pkgs/main/linux-64/zlib-1.2.11-ha838bed_2.tar.bz2
https://repo.continuum.io/pkgs/main/linux-64/glib-2.53.6-h5d9569c_2.tar.bz2
https://repo.continuum.io/pkgs/main/linux-64/hdf4-4.2.13-h3ca952b_2.tar.bz2
https://repo.continuum.io/pkgs/main/linux-64/hdf5-1.10.1-h9caa474_1.tar.bz2
https://repo.continuum.io/pkgs/main/linux-64/libpng-1.6.32-hbd3595f_4.tar.bz2
https://repo.continuum.io/pkgs/main/linux-64/libssh2-1.8.0-h2d05a93_3.tar.bz2
https://repo.continuum.io/pkgs/main/linux-64/libtiff-4.0.9-h28f6b97_0.tar.bz2
https://repo.continuum.io/pkgs/free/linux-64/libxml2-2.9.4-0.tar.bz2
https://repo.continuum.io/pkgs/main/linux-64/pandoc-1.19.2.1-hea2e7c5_1.tar.bz2
https://repo.continuum.io/pkgs/free/linux-64/python-3.6.0-0.tar.bz2
https://repo.continuum.io/pkgs/main/linux-64/zeromq-4.2.2-hbedb6e5_2.tar.bz2
https://repo.continuum.io/pkgs/main/linux-64/alabaster-0.7.10-py36h306e16b_0.tar.bz2
https://repo.continuum.io/pkgs/main/linux-64/asn1crypto-0.23.0-py36h4639342_0.tar.bz2
https://repo.anaconda.com/pkgs/main/linux-64/cached-property-1.4.3-py36_0.tar.bz2
https://repo.anaconda.com/pkgs/main/linux-64/certifi-2018.4.16-py36_0.tar.bz2
https://repo.continuum.io/pkgs/main/linux-64/chardet-3.0.4-py36h0f667ec_1.tar.bz2
https://repo.continuum.io/pkgs/main/linux-64/click-6.7-py36h5253387_0.tar.bz2
https://repo.continuum.io/pkgs/main/linux-64/cloudpickle-0.5.2-py36h84cdd9c_0.tar.bz2
https://repo.continuum.io/pkgs/main/linux-64/curl-7.55.1-h78862de_4.tar.bz2
https://repo.continuum.io/pkgs/main/linux-64/dask-core-0.16.0-py36ha827fd6_0.tar.bz2
https://repo.continuum.io/pkgs/main/linux-64/dbus-1.10.22-h3b5a359_0.tar.bz2
https://repo.continuum.io/pkgs/main/linux-64/decorator-4.1.2-py36hd076ac8_0.tar.bz2
https://repo.continuum.io/pkgs/main/linux-64/docutils-0.14-py36hb0f60f5_0.tar.bz2
https://repo.continuum.io/pkgs/main/linux-64/entrypoints-0.2.3-py36h1aec115_2.tar.bz2
https://repo.continuum.io/pkgs/free/linux-64/freetype-2.5.5-2.tar.bz2
https://repo.continuum.io/pkgs/main/linux-64/gstreamer-1.12.2-h4f93127_0.tar.bz2
https://repo.continuum.io/pkgs/main/linux-64/heapdict-1.0.0-py36h79797d7_0.tar.bz2
https://repo.continuum.io/pkgs/main/linux-64/idna-2.6-py36h82fb2a8_1.tar.bz2
https://repo.continuum.io/pkgs/main/linux-64/imagesize-0.7.1-py36h52d8127_0.tar.bz2
https://repo.continuum.io/pkgs/main/linux-64/ipython_genutils-0.2.0-py36hb52b0d5_0.tar.bz2
https://conda.anaconda.org/spyder-ide/linux-64/isort-4.2.5-py36_0.tar.bz2
https://conda.anaconda.org/conda-forge/linux-64/joblib-0.11-py36_0.tar.bz2
https://repo.continuum.io/pkgs/main/linux-64/lazy-object-proxy-1.3.1-py36h10fcdad_0.tar.bz2
https://repo.continuum.io/pkgs/main/linux-64/locket-0.2.0-py36h787c0ad_1.tar.bz2
https://repo.continuum.io/pkgs/main/linux-64/markupsafe-1.0-py36hd9260cd_1.tar.bz2
https://conda.anaconda.org/spyder-ide/linux-64/mccabe-0.5.3-py36_0.tar.bz2
https://repo.continuum.io/pkgs/main/linux-64/mistune-0.8.1-py36h3d5977c_0.tar.bz2
https://repo.continuum.io/pkgs/main/linux-64/msgpack-python-0.4.8-py36hec4c5d1_0.tar.bz2
https://repo.continuum.io/pkgs/free/linux-64/numpy-1.11.2-py36_0.tar.bz2
https://repo.continuum.io/pkgs/main/linux-64/olefile-0.44-py36h79f9f78_0.tar.bz2
https://repo.continuum.io/pkgs/main/linux-64/pandocfilters-1.4.2-py36ha6701b7_1.tar.bz2
https://repo.continuum.io/pkgs/free/linux-64/param-1.4.2-py36_0.tar.bz2
https://repo.continuum.io/pkgs/main/linux-64/parso-0.1.1-py36h35f843b_0.tar.bz2
https://repo.continuum.io/pkgs/main/linux-64/pickleshare-0.7.4-py36h63277f8_0.tar.bz2
https://repo.continuum.io/pkgs/main/linux-64/psutil-5.4.1-py36hecd8e42_0.tar.bz2
https://repo.continuum.io/pkgs/main/linux-64/ptyprocess-0.5.2-py36h69acd42_0.tar.bz2
https://repo.continuum.io/pkgs/main/linux-64/pycodestyle-2.3.1-py36hf609f19_0.tar.bz2
https://repo.continuum.io/pkgs/main/linux-64/pycparser-2.18-py36hf9f622e_1.tar.bz2
https://repo.continuum.io/pkgs/main/linux-64/pyparsing-2.2.0-py36hee85983_1.tar.bz2
https://repo.continuum.io/pkgs/main/linux-64/pysocks-1.6.7-py36hd97a5b1_1.tar.bz2
https://repo.continuum.io/pkgs/main/linux-64/pytz-2017.3-py36h63b9c63_0.tar.bz2
https://repo.continuum.io/pkgs/free/linux-64/pyyaml-3.12-py36_0.tar.bz2
https://repo.continuum.io/pkgs/main/linux-64/pyzmq-16.0.3-py36he2533c7_0.tar.bz2
https://repo.continuum.io/pkgs/main/linux-64/qtpy-1.3.1-py36h3691cc8_0.tar.bz2
https://repo.continuum.io/pkgs/main/linux-64/rope-0.10.7-py36h147e2ec_0.tar.bz2
https://repo.continuum.io/pkgs/main/linux-64/simplegeneric-0.8.1-py36h2cb9092_0.tar.bz2
https://repo.continuum.io/pkgs/main/linux-64/sip-4.18.1-py36h51ed4ed_2.tar.bz2
https://repo.continuum.io/pkgs/free/linux-64/six-1.10.0-py36_0.tar.bz2
https://repo.continuum.io/pkgs/main/linux-64/snowballstemmer-1.2.1-py36h6febd40_0.tar.bz2
https://repo.continuum.io/pkgs/main/linux-64/sortedcontainers-1.5.7-py36hdf89491_0.tar.bz2
https://repo.continuum.io/pkgs/main/linux-64/sphinxcontrib-1.0-py36h6d0f590_1.tar.bz2
https://repo.continuum.io/pkgs/main/linux-64/tblib-1.3.2-py36h34cf8b6_0.tar.bz2
https://repo.continuum.io/pkgs/main/linux-64/testpath-0.3.1-py36h8cadb63_0.tar.bz2
https://repo.continuum.io/pkgs/main/linux-64/toolz-0.8.2-py36h81f2dff_0.tar.bz2
https://repo.continuum.io/pkgs/main/linux-64/tornado-4.5.2-py36h1283b2a_0.tar.bz2
https://repo.continuum.io/pkgs/main/linux-64/typing-3.6.2-py36h7da032a_0.tar.bz2
https://repo.anaconda.com/pkgs/main/linux-64/unidecode-1.0.22-py36_0.tar.bz2
https://repo.continuum.io/pkgs/main/linux-64/wcwidth-0.1.7-py36hdf4376a_0.tar.bz2
https://repo.continuum.io/pkgs/main/linux-64/webencodings-0.5.1-py36h800622e_1.tar.bz2
https://repo.continuum.io/pkgs/free/linux-64/wheel-0.29.0-py36_0.tar.bz2
https://repo.continuum.io/pkgs/main/linux-64/wrapt-1.10.11-py36h28b7045_0.tar.bz2
https://repo.continuum.io/pkgs/main/linux-64/xlrd-1.1.0-py36h1db9f0c_1.tar.bz2
https://repo.continuum.io/pkgs/main/linux-64/babel-2.5.0-py36h7d14adf_0.tar.bz2
https://repo.continuum.io/pkgs/main/linux-64/bottleneck-1.2.1-py36haac1ea0_0.tar.bz2
https://repo.continuum.io/pkgs/main/linux-64/cffi-1.11.2-py36h2825082_0.tar.bz2
https://repo.continuum.io/pkgs/main/linux-64/cycler-0.10.0-py36h93f1223_0.tar.bz2
https://repo.continuum.io/pkgs/free/linux-64/fontconfig-2.12.1-3.tar.bz2
https://repo.continuum.io/pkgs/main/linux-64/gst-plugins-base-1.12.2-he3457e5_0.tar.bz2
https://repo.continuum.io/pkgs/main/linux-64/h5py-2.7.1-py36h3585f63_0.tar.bz2
https://repo.continuum.io/pkgs/main/linux-64/html5lib-0.999999999-py36h2cfc398_0.tar.bz2
https://repo.continuum.io/pkgs/main/linux-64/jedi-0.11.0-py36_2.tar.bz2
https://repo.continuum.io/pkgs/free/linux-64/lancet-0.9.0-py36_0.tar.bz2
https://repo.continuum.io/pkgs/main/linux-64/libnetcdf-4.4.1.1-h816af47_8.tar.bz2
https://repo.continuum.io/pkgs/main/linux-64/networkx-2.0-py36h7e96fb8_0.tar.bz2
https://conda.anaconda.org/anaconda/linux-64/nltk-3.2.5-py36h7532b22_0.tar.bz2
https://repo.continuum.io/pkgs/main/linux-64/partd-0.3.8-py36h36fd896_0.tar.bz2
https://repo.continuum.io/pkgs/main/linux-64/pexpect-4.3.0-py36h673ed17_0.tar.bz2
https://repo.continuum.io/pkgs/free/linux-64/pillow-4.2.1-py36_0.tar.bz2
https://repo.continuum.io/pkgs/main/linux-64/python-dateutil-2.6.1-py36h88d3b88_1.tar.bz2
https://repo.continuum.io/pkgs/main/linux-64/qtawesome-0.4.4-py36h609ed8c_0.tar.bz2
https://repo.continuum.io/pkgs/free/linux-64/scipy-0.18.1-np111py36_0.tar.bz2
https://repo.continuum.io/pkgs/main/linux-64/setuptools-36.5.0-py36he42e2e1_0.tar.bz2
https://repo.continuum.io/pkgs/main/linux-64/sphinxcontrib-websupport-1.0.1-py36hb5cb234_1.tar.bz2
https://repo.continuum.io/pkgs/main/linux-64/terminado-0.6-py36ha25a19f_0.tar.bz2
https://repo.continuum.io/pkgs/main/linux-64/traitlets-4.3.2-py36h674d592_0.tar.bz2
https://repo.continuum.io/pkgs/main/linux-64/zict-0.1.3-py36h3a3bf81_0.tar.bz2
https://repo.continuum.io/pkgs/main/linux-64/astroid-1.5.3-py36hbdb9df2_0.tar.bz2
https://repo.continuum.io/pkgs/main/linux-64/bleach-2.1.1-py36hd521086_0.tar.bz2
https://repo.continuum.io/pkgs/main/linux-64/cryptography-2.1.4-py36hd09be54_0.tar.bz2
https://repo.continuum.io/pkgs/main/linux-64/distributed-1.20.2-py36_0.tar.bz2
https://conda.anaconda.org/conda-forge/linux-64/imageio-2.2.0-py36_0.tar.bz2
https://repo.continuum.io/pkgs/main/linux-64/jinja2-2.10-py36ha16c418_0.tar.bz2
https://repo.continuum.io/pkgs/main/linux-64/jsonschema-2.6.0-py36h006f8b5_0.tar.bz2
https://repo.continuum.io/pkgs/main/linux-64/jupyter_core-4.4.0-py36h7c827e3_0.tar.bz2
https://repo.continuum.io/pkgs/main/linux-64/netcdf4-1.3.1-py36hfd655bd_2.tar.bz2
https://repo.continuum.io/pkgs/free/linux-64/pandas-0.19.1-np111py36_0.tar.bz2
https://repo.continuum.io/pkgs/free/linux-64/pip-9.0.1-py36_1.tar.bz2
https://repo.continuum.io/pkgs/main/linux-64/pyflakes-1.6.0-py36h7bd6a15_0.tar.bz2
https://repo.continuum.io/pkgs/main/linux-64/pygments-2.2.0-py36h0d3125c_0.tar.bz2
https://repo.continuum.io/pkgs/free/linux-64/qt-5.6.2-5.tar.bz2
https://repo.continuum.io/pkgs/free/linux-64/scikit-learn-0.18.1-np111py36_0.tar.bz2
https://conda.anaconda.org/conda-forge/linux-64/scikit-surprise-1.0.5-py36_0.tar.bz2
https://repo.continuum.io/pkgs/main/linux-64/bokeh-0.12.10-py36hbb0e44a_0.tar.bz2
https://repo.continuum.io/pkgs/main/linux-64/jupyter_client-5.1.0-py36h614e9ea_0.tar.bz2
https://repo.continuum.io/pkgs/main/linux-64/nbformat-4.4.0-py36h31c9010_0.tar.bz2
https://repo.continuum.io/pkgs/main/linux-64/prompt_toolkit-1.0.15-py36h17d85b1_0.tar.bz2
https://repo.continuum.io/pkgs/main/linux-64/pylint-1.7.4-py36hb9d4533_0.tar.bz2
https://repo.continuum.io/pkgs/main/linux-64/pyopenssl-17.5.0-py36h20ba746_0.tar.bz2
https://repo.continuum.io/pkgs/main/linux-64/pyqt-5.6.0-py36h0386399_5.tar.bz2
https://repo.continuum.io/pkgs/main/linux-64/xarray-0.10.0-py36hbc13e12_0.tar.bz2
https://repo.continuum.io/pkgs/main/linux-64/dask-0.16.0-py36h73d177f_0.tar.bz2
https://repo.continuum.io/pkgs/main/linux-64/ipython-6.2.1-py36h88c514a_1.tar.bz2
https://repo.continuum.io/pkgs/free/linux-64/matplotlib-2.0.0-np111py36_0.tar.bz2
https://repo.continuum.io/pkgs/main/linux-64/nbconvert-5.3.1-py36hb41ffb7_0.tar.bz2
https://repo.continuum.io/pkgs/main/linux-64/urllib3-1.22-py36hbe7ace6_0.tar.bz2
https://repo.continuum.io/pkgs/main/linux-64/ipykernel-4.7.0-py36h2f9c1c0_0.tar.bz2
https://repo.continuum.io/pkgs/main/linux-64/requests-2.18.4-py36he2e5f8d_1.tar.bz2
https://repo.continuum.io/pkgs/free/linux-64/scikit-image-0.12.3-np111py36_1.tar.bz2
https://repo.continuum.io/pkgs/free/linux-64/seaborn-0.7.1-py36_0.tar.bz2
https://repo.continuum.io/pkgs/main/linux-64/jupyter_console-5.2.0-py36he59e554_1.tar.bz2
https://repo.continuum.io/pkgs/main/linux-64/notebook-5.2.2-py36h40a37e6_0.tar.bz2
https://repo.continuum.io/pkgs/main/linux-64/qtconsole-4.3.1-py36h8f73b5b_0.tar.bz2
https://repo.continuum.io/pkgs/free/linux-64/requests-file-1.4.1-py36_0.tar.bz2
https://repo.continuum.io/pkgs/main/linux-64/sphinx-1.6.3-py36he5f0bdb_0.tar.bz2
https://repo.continuum.io/pkgs/main/linux-64/numpydoc-0.7.0-py36h18f165f_0.tar.bz2
https://repo.continuum.io/pkgs/free/linux-64/pandas-datareader-0.2.1-py36_0.tar.bz2
https://repo.continuum.io/pkgs/main/linux-64/widgetsnbextension-3.0.8-py36h25a1d49_0.tar.bz2
https://repo.continuum.io/pkgs/main/linux-64/ipywidgets-7.0.5-py36h31d6531_0.tar.bz2
https://repo.continuum.io/pkgs/main/linux-64/spyder-3.2.4-py36hbe6152b_0.tar.bz2
https://repo.continuum.io/pkgs/free/linux-64/jupyter-1.0.0-py36_3.tar.bz2
https://conda.anaconda.org/spyder-ide/linux-64/spyder-notebook-0.1.1-py36_0.tar.bz2
https://repo.continuum.io/pkgs/main/linux-64/holoviews-1.9.1-py36h76d18d8_0.tar.bz2
